0 info it worked if it ends with ok
1 verbose cli [ '/usr/bin/node', '/usr/bin/npm', 'publish' ]
2 info using npm@1.3.8
3 info using node@v0.10.16
4 verbose node symlink /usr/bin/node
5 verbose publish [ '.' ]
6 verbose cache add [ '.', null ]
7 verbose cache add name=undefined spec="." args=[".",null]
8 verbose parsed url { protocol: null,
8 verbose parsed url   slashes: null,
8 verbose parsed url   auth: null,
8 verbose parsed url   host: null,
8 verbose parsed url   port: null,
8 verbose parsed url   hostname: null,
8 verbose parsed url   hash: null,
8 verbose parsed url   search: null,
8 verbose parsed url   query: null,
8 verbose parsed url   pathname: '.',
8 verbose parsed url   path: '.',
8 verbose parsed url   href: '.' }
9 silly lockFile 3a52ce78- .
10 verbose lock . /home/william/.npm/3a52ce78-.lock
11 verbose tar pack [ '/home/william/tmp/npm-17010-xXtCCnwu/1377161422566-0.6976485622581095/tmp.tgz',
11 verbose tar pack   '.' ]
12 verbose tarball /home/william/tmp/npm-17010-xXtCCnwu/1377161422566-0.6976485622581095/tmp.tgz
13 verbose folder .
14 silly lockFile 1f1177db-tar tar://.
15 verbose lock tar://. /home/william/.npm/1f1177db-tar.lock
16 silly lockFile fcc259bc-22566-0-6976485622581095-tmp-tgz tar:///home/william/tmp/npm-17010-xXtCCnwu/1377161422566-0.6976485622581095/tmp.tgz
17 verbose lock tar:///home/william/tmp/npm-17010-xXtCCnwu/1377161422566-0.6976485622581095/tmp.tgz /home/william/.npm/fcc259bc-22566-0-6976485622581095-tmp-tgz.lock
18 silly lockFile 1f1177db-tar tar://.
19 silly lockFile 1f1177db-tar tar://.
20 silly lockFile fcc259bc-22566-0-6976485622581095-tmp-tgz tar:///home/william/tmp/npm-17010-xXtCCnwu/1377161422566-0.6976485622581095/tmp.tgz
21 silly lockFile fcc259bc-22566-0-6976485622581095-tmp-tgz tar:///home/william/tmp/npm-17010-xXtCCnwu/1377161422566-0.6976485622581095/tmp.tgz
22 verbose tar unpack /home/william/tmp/npm-17010-xXtCCnwu/1377161422566-0.6976485622581095/tmp.tgz
23 silly lockFile b3a36c22-22566-0-6976485622581095-package tar:///home/william/tmp/npm-17010-xXtCCnwu/1377161422566-0.6976485622581095/package
24 verbose lock tar:///home/william/tmp/npm-17010-xXtCCnwu/1377161422566-0.6976485622581095/package /home/william/.npm/b3a36c22-22566-0-6976485622581095-package.lock
25 silly lockFile fcc259bc-22566-0-6976485622581095-tmp-tgz tar:///home/william/tmp/npm-17010-xXtCCnwu/1377161422566-0.6976485622581095/tmp.tgz
26 verbose lock tar:///home/william/tmp/npm-17010-xXtCCnwu/1377161422566-0.6976485622581095/tmp.tgz /home/william/.npm/fcc259bc-22566-0-6976485622581095-tmp-tgz.lock
27 silly gunzTarPerm modes [ '755', '644' ]
28 silly gunzTarPerm extractEntry package.json
29 silly gunzTarPerm modified mode [ 'package.json', 436, 420 ]
30 silly gunzTarPerm extractEntry .npmignore
31 silly gunzTarPerm modified mode [ '.npmignore', 436, 420 ]
32 silly gunzTarPerm extractEntry index.js
33 silly gunzTarPerm modified mode [ 'index.js', 436, 420 ]
34 silly gunzTarPerm extractEntry lib/app.js
35 silly gunzTarPerm modified mode [ 'lib/app.js', 436, 420 ]
36 silly gunzTarPerm extractEntry lib/dependency-graph.js
37 silly gunzTarPerm modified mode [ 'lib/dependency-graph.js', 436, 420 ]
38 silly gunzTarPerm extractEntry lib/error.js
39 silly gunzTarPerm modified mode [ 'lib/error.js', 436, 420 ]
40 silly gunzTarPerm extractEntry test/app.js
41 silly gunzTarPerm modified mode [ 'test/app.js', 436, 420 ]
42 silly gunzTarPerm extractEntry test/dependency-graph.js
43 silly gunzTarPerm modified mode [ 'test/dependency-graph.js', 436, 420 ]
44 silly gunzTarPerm extractEntry test/plugins/plugin-one/package.json
45 silly gunzTarPerm modified mode [ 'test/plugins/plugin-one/package.json', 436, 420 ]
46 silly gunzTarPerm extractEntry test/plugins/plugin-one/index.js
47 silly gunzTarPerm modified mode [ 'test/plugins/plugin-one/index.js', 436, 420 ]
48 silly gunzTarPerm extractEntry test/plugins/plugin-two/package.json
49 silly gunzTarPerm modified mode [ 'test/plugins/plugin-two/package.json', 436, 420 ]
50 silly gunzTarPerm extractEntry test/plugins/plugin-two/index.js
51 silly gunzTarPerm modified mode [ 'test/plugins/plugin-two/index.js', 436, 420 ]
52 silly lockFile b3a36c22-22566-0-6976485622581095-package tar:///home/william/tmp/npm-17010-xXtCCnwu/1377161422566-0.6976485622581095/package
53 silly lockFile b3a36c22-22566-0-6976485622581095-package tar:///home/william/tmp/npm-17010-xXtCCnwu/1377161422566-0.6976485622581095/package
54 silly lockFile fcc259bc-22566-0-6976485622581095-tmp-tgz tar:///home/william/tmp/npm-17010-xXtCCnwu/1377161422566-0.6976485622581095/tmp.tgz
55 silly lockFile fcc259bc-22566-0-6976485622581095-tmp-tgz tar:///home/william/tmp/npm-17010-xXtCCnwu/1377161422566-0.6976485622581095/tmp.tgz
56 verbose tar pack [ '/home/william/.npm/armature/0.0.0/package.tgz',
56 verbose tar pack   '/home/william/tmp/npm-17010-xXtCCnwu/1377161422566-0.6976485622581095/package' ]
57 verbose tarball /home/william/.npm/armature/0.0.0/package.tgz
58 verbose folder /home/william/tmp/npm-17010-xXtCCnwu/1377161422566-0.6976485622581095/package
59 silly lockFile b3a36c22-22566-0-6976485622581095-package tar:///home/william/tmp/npm-17010-xXtCCnwu/1377161422566-0.6976485622581095/package
60 verbose lock tar:///home/william/tmp/npm-17010-xXtCCnwu/1377161422566-0.6976485622581095/package /home/william/.npm/b3a36c22-22566-0-6976485622581095-package.lock
61 silly lockFile 19aea8f3-m-npm-armature-0-0-0-package-tgz tar:///home/william/.npm/armature/0.0.0/package.tgz
62 verbose lock tar:///home/william/.npm/armature/0.0.0/package.tgz /home/william/.npm/19aea8f3-m-npm-armature-0-0-0-package-tgz.lock
63 silly lockFile b3a36c22-22566-0-6976485622581095-package tar:///home/william/tmp/npm-17010-xXtCCnwu/1377161422566-0.6976485622581095/package
64 silly lockFile b3a36c22-22566-0-6976485622581095-package tar:///home/william/tmp/npm-17010-xXtCCnwu/1377161422566-0.6976485622581095/package
65 silly lockFile 19aea8f3-m-npm-armature-0-0-0-package-tgz tar:///home/william/.npm/armature/0.0.0/package.tgz
66 silly lockFile 19aea8f3-m-npm-armature-0-0-0-package-tgz tar:///home/william/.npm/armature/0.0.0/package.tgz
67 silly lockFile bb770418-lliam-npm-armature-0-0-0-package /home/william/.npm/armature/0.0.0/package
68 verbose lock /home/william/.npm/armature/0.0.0/package /home/william/.npm/bb770418-lliam-npm-armature-0-0-0-package.lock
69 silly lockFile bb770418-lliam-npm-armature-0-0-0-package /home/william/.npm/armature/0.0.0/package
70 silly lockFile bb770418-lliam-npm-armature-0-0-0-package /home/william/.npm/armature/0.0.0/package
71 verbose tar unpack /home/william/.npm/armature/0.0.0/package.tgz
72 silly lockFile 700d8cb6-lliam-npm-armature-0-0-0-package tar:///home/william/.npm/armature/0.0.0/package
73 verbose lock tar:///home/william/.npm/armature/0.0.0/package /home/william/.npm/700d8cb6-lliam-npm-armature-0-0-0-package.lock
74 silly lockFile 19aea8f3-m-npm-armature-0-0-0-package-tgz tar:///home/william/.npm/armature/0.0.0/package.tgz
75 verbose lock tar:///home/william/.npm/armature/0.0.0/package.tgz /home/william/.npm/19aea8f3-m-npm-armature-0-0-0-package-tgz.lock
76 silly gunzTarPerm modes [ '755', '644' ]
77 silly gunzTarPerm extractEntry package.json
78 silly gunzTarPerm extractEntry .npmignore
79 silly gunzTarPerm extractEntry index.js
80 silly gunzTarPerm extractEntry lib/app.js
81 silly gunzTarPerm extractEntry lib/dependency-graph.js
82 silly gunzTarPerm extractEntry lib/error.js
83 silly gunzTarPerm extractEntry test/app.js
84 silly gunzTarPerm extractEntry test/dependency-graph.js
85 silly gunzTarPerm extractEntry test/plugins/plugin-one/package.json
86 silly gunzTarPerm extractEntry test/plugins/plugin-one/index.js
87 silly gunzTarPerm extractEntry test/plugins/plugin-two/package.json
88 silly gunzTarPerm extractEntry test/plugins/plugin-two/index.js
89 silly lockFile 700d8cb6-lliam-npm-armature-0-0-0-package tar:///home/william/.npm/armature/0.0.0/package
90 silly lockFile 700d8cb6-lliam-npm-armature-0-0-0-package tar:///home/william/.npm/armature/0.0.0/package
91 silly lockFile 19aea8f3-m-npm-armature-0-0-0-package-tgz tar:///home/william/.npm/armature/0.0.0/package.tgz
92 silly lockFile 19aea8f3-m-npm-armature-0-0-0-package-tgz tar:///home/william/.npm/armature/0.0.0/package.tgz
93 verbose chmod /home/william/.npm/armature/0.0.0/package.tgz 644
94 verbose chown /home/william/.npm/armature/0.0.0/package.tgz [ 1000, 1000 ]
95 silly lockFile 3a52ce78- .
96 silly lockFile 3a52ce78- .
97 silly publish { name: 'armature',
97 silly publish   version: '0.0.0',
97 silly publish   description: 'Small app framework with plugins capabilities',
97 silly publish   main: 'index.js',
97 silly publish   scripts: { test: 'echo "Error: no test specified" && exit 1' },
97 silly publish   author: { name: 'Bornholm' },
97 silly publish   license: 'MIT',
97 silly publish   dependencies: { semver: '~2.1.0', lodash: '~1.3.1', async: '~0.2.9' },
97 silly publish   readme: 'ERROR: No README data found!',
97 silly publish   _id: 'armature@0.0.0',
97 silly publish   dist: { shasum: '759b6be8f54d502c7fe6f60ac6025ff4373ad167' },
97 silly publish   _from: '.' }
98 verbose url raw armature
99 verbose url resolving [ 'http://registry.npmjs.org/', './armature' ]
100 verbose url resolved http://registry.npmjs.org/armature
101 info trying registry request attempt 1 at 10:50:22
102 http PUT http://registry.npmjs.org/armature
103 http 409 http://registry.npmjs.org/armature
104 verbose url raw armature
105 verbose url resolving [ 'http://registry.npmjs.org/', './armature' ]
106 verbose url resolved http://registry.npmjs.org/armature
107 info trying registry request attempt 1 at 10:50:23
108 http GET http://registry.npmjs.org/armature
109 http 200 http://registry.npmjs.org/armature
110 error publish fail Cannot publish over existing version.
110 error publish fail Update the 'version' field in package.json and try again.
110 error publish fail
110 error publish fail If the previous version was published in error, see:
110 error publish fail     npm help unpublish
110 error publish fail
110 error publish fail To automatically increment version numbers, see:
110 error publish fail     npm help version
111 error System Linux 3.2.0-52-generic
112 error command "/usr/bin/node" "/usr/bin/npm" "publish"
113 error cwd /home/william/workspace/armature
114 error node -v v0.10.16
115 error npm -v 1.3.8
116 error code EPUBLISHCONFLICT
117 verbose exit [ 1, true ]
